<?xml version="1.0" encoding="UTF-8"?>
<!-- Generated by org.testng.reporters.JUnitXMLReporter -->
<testsuite ignored="2" hostname="DESKTOP-BEPA8F0" failures="0" tests="6" name="Test1" time="3.915" errors="0" timestamp="2022-09-06T20:42:15 IST">
  <testcase classname="com.actitime.testscript.TaskModule" name="createTask" time="0.023"/>
  <testcase classname="com.actitime.testscript.TaskModule" name="deleteTask" time="0.002"/>
  <testcase classname="com.actitime.testscript.TaskModule" name="modifyTask" time="0.002"/>
  <testcase classname="com.actitime.testscript.UserModule" name="createUser" time="0.011"/>
  <testcase classname="com.actitime.testscript.UserModule" name="deleteUser" time="0.004"/>
  <testcase classname="com.actitime.testscript.UserModule" name="modifyUser" time="0.003"/>
  <testcase classname="com.actitime.generic.BaseClass" name="@AfterTest closeBrowser" time="0.0">
    <ignored/>
  </testcase> <!-- @AfterTest closeBrowser -->
  <testcase classname="com.actitime.generic.BaseClass" name="@BeforeTest openBrowser" time="0.0">
    <ignored/>
  </testcase> <!-- @BeforeTest openBrowser -->
</testsuite> <!-- Test1 -->
