<?xml version="1.0" encoding="UTF-8"?>
<!-- Generated by org.testng.reporters.JUnitXMLReporter -->
<testsuite ignored="2" hostname="DESKTOP-BEPA8F0" failures="0" tests="6" name="Test2" time="8.132" errors="0" timestamp="2022-09-06T20:42:19 IST">
  <testcase classname="com.actitime.testscript.ProjectModule" name="createProject" time="0.001"/>
  <testcase classname="com.actitime.testscript.ProjectModule" name="deleteProject" time="0.002"/>
  <testcase classname="com.actitime.testscript.ProjectModule" name="modifyProject" time="0.002"/>
  <testcase classname="com.actitime.testscript.CustomerModule" name="createCustomer" time="0.001"/>
  <testcase classname="com.actitime.testscript.CustomerModule" name="deleteCustomer" time="0.001"/>
  <testcase classname="com.actitime.testscript.CustomerModule" name="modifyCustomer" time="0.001"/>
  <testcase classname="com.actitime.generic.BaseClass" name="@AfterTest closeBrowser" time="0.0">
    <ignored/>
  </testcase> <!-- @AfterTest closeBrowser -->
  <testcase classname="com.actitime.generic.BaseClass" name="@BeforeTest openBrowser" time="0.0">
    <ignored/>
  </testcase> <!-- @BeforeTest openBrowser -->
</testsuite> <!-- Test2 -->
