<?xml version="1.0" encoding="UTF-8"?>
<testng-results ignored="4" total="16" passed="12" failed="0" skipped="0">
  <reporter-output>
    <line>
      <![CDATA[open browser]]>
    </line>
    <line>
      <![CDATA[open browser]]>
    </line>
    <line>
      <![CDATA[login]]>
    </line>
    <line>
      <![CDATA[create task]]>
    </line>
    <line>
      <![CDATA[logout]]>
    </line>
    <line>
      <![CDATA[login]]>
    </line>
    <line>
      <![CDATA[delete task]]>
    </line>
    <line>
      <![CDATA[logout]]>
    </line>
    <line>
      <![CDATA[login]]>
    </line>
    <line>
      <![CDATA[modify task]]>
    </line>
    <line>
      <![CDATA[logout]]>
    </line>
    <line>
      <![CDATA[login]]>
    </line>
    <line>
      <![CDATA[create user]]>
    </line>
    <line>
      <![CDATA[logout]]>
    </line>
    <line>
      <![CDATA[login]]>
    </line>
    <line>
      <![CDATA[delete user]]>
    </line>
    <line>
      <![CDATA[logout]]>
    </line>
    <line>
      <![CDATA[login]]>
    </line>
    <line>
      <![CDATA[modify user]]>
    </line>
    <line>
      <![CDATA[logout]]>
    </line>
    <line>
      <![CDATA[close browser]]>
    </line>
    <line>
      <![CDATA[login]]>
    </line>
    <line>
      <![CDATA[create project]]>
    </line>
    <line>
      <![CDATA[logout]]>
    </line>
    <line>
      <![CDATA[login]]>
    </line>
    <line>
      <![CDATA[delete project]]>
    </line>
    <line>
      <![CDATA[logout]]>
    </line>
    <line>
      <![CDATA[login]]>
    </line>
    <line>
      <![CDATA[modify project]]>
    </line>
    <line>
      <![CDATA[logout]]>
    </line>
    <line>
      <![CDATA[login]]>
    </line>
    <line>
      <![CDATA[create customer]]>
    </line>
    <line>
      <![CDATA[logout]]>
    </line>
    <line>
      <![CDATA[login]]>
    </line>
    <line>
      <![CDATA[delete customer]]>
    </line>
    <line>
      <![CDATA[logout]]>
    </line>
    <line>
      <![CDATA[login]]>
    </line>
    <line>
      <![CDATA[modify customer]]>
    </line>
    <line>
      <![CDATA[logout]]>
    </line>
    <line>
      <![CDATA[close browser]]>
    </line>
  </reporter-output>
  <suite started-at="2022-09-06T20:42:11 IST" name="Suite" finished-at="2022-09-06T20:42:19 IST" duration-ms="8132">
    <groups>
      <group name="regressionTest">
        <method signature="CustomerModule.deleteCustomer()[pri:0, instance:com.actitime.testscript.CustomerModule@9f116cc]" name="deleteCustomer" class="com.actitime.testscript.CustomerModule"/>
      </group> <!-- regressionTest -->
    </groups>
    <test started-at="2022-09-06T20:42:11 IST" name="Test1" finished-at="2022-09-06T20:42:15 IST" duration-ms="3915">
      <class name="com.actitime.testscript.TaskModule">
        <test-method is-config="true" signature="openBrowser(java.lang.String)[pri:0, instance:com.actitime.testscript.TaskModule@619713e5]" started-at="2022-09-06T20:42:11 IST" name="openBrowser" finished-at="2022-09-06T20:42:15 IST" duration-ms="3597" status="PASS">
          <params>
            <param index="0">
              <value>
                <![CDATA[chrome]]>
              </value>
            </param>
          </params>
          <reporter-output>
            <line>
              <![CDATA[open browser]]>
            </line>
          </reporter-output>
        </test-method> <!-- openBrowser -->
        <test-method is-config="true" signature="login()[pri:0, instance:com.actitime.testscript.TaskModule@619713e5]" started-at="2022-09-06T20:42:15 IST" name="login" finished-at="2022-09-06T20:42:15 IST" duration-ms="3" status="PASS">
          <reporter-output>
            <line>
              <![CDATA[login]]>
            </line>
          </reporter-output>
        </test-method> <!-- login -->
        <test-method signature="createTask()[pri:0, instance:com.actitime.testscript.TaskModule@619713e5]" started-at="2022-09-06T20:42:15 IST" name="createTask" finished-at="2022-09-06T20:42:15 IST" duration-ms="23" status="PASS">
          <reporter-output>
            <line>
              <![CDATA[create task]]>
            </line>
          </reporter-output>
        </test-method> <!-- createTask -->
        <test-method is-config="true" signature="logout()[pri:0, instance:com.actitime.testscript.TaskModule@619713e5]" started-at="2022-09-06T20:42:15 IST" name="logout" finished-at="2022-09-06T20:42:15 IST" duration-ms="2" status="PASS">
          <reporter-output>
            <line>
              <![CDATA[logout]]>
            </line>
          </reporter-output>
        </test-method> <!-- logout -->
        <test-method is-config="true" signature="login()[pri:0, instance:com.actitime.testscript.TaskModule@619713e5]" started-at="2022-09-06T20:42:15 IST" name="login" finished-at="2022-09-06T20:42:15 IST" duration-ms="0" status="PASS">
          <reporter-output>
            <line>
              <![CDATA[login]]>
            </line>
          </reporter-output>
        </test-method> <!-- login -->
        <test-method signature="deleteTask()[pri:0, instance:com.actitime.testscript.TaskModule@619713e5]" started-at="2022-09-06T20:42:15 IST" name="deleteTask" finished-at="2022-09-06T20:42:15 IST" duration-ms="2" status="PASS">
          <reporter-output>
            <line>
              <![CDATA[delete task]]>
            </line>
          </reporter-output>
        </test-method> <!-- deleteTask -->
        <test-method is-config="true" signature="logout()[pri:0, instance:com.actitime.testscript.TaskModule@619713e5]" started-at="2022-09-06T20:42:15 IST" name="logout" finished-at="2022-09-06T20:42:15 IST" duration-ms="1" status="PASS">
          <reporter-output>
            <line>
              <![CDATA[logout]]>
            </line>
          </reporter-output>
        </test-method> <!-- logout -->
        <test-method is-config="true" signature="login()[pri:0, instance:com.actitime.testscript.TaskModule@619713e5]" started-at="2022-09-06T20:42:15 IST" name="login" finished-at="2022-09-06T20:42:15 IST" duration-ms="2" status="PASS">
          <reporter-output>
            <line>
              <![CDATA[login]]>
            </line>
          </reporter-output>
        </test-method> <!-- login -->
        <test-method signature="modifyTask()[pri:0, instance:com.actitime.testscript.TaskModule@619713e5]" started-at="2022-09-06T20:42:15 IST" name="modifyTask" finished-at="2022-09-06T20:42:15 IST" duration-ms="2" status="PASS">
          <reporter-output>
            <line>
              <![CDATA[modify task]]>
            </line>
          </reporter-output>
        </test-method> <!-- modifyTask -->
        <test-method is-config="true" signature="logout()[pri:0, instance:com.actitime.testscript.TaskModule@619713e5]" started-at="2022-09-06T20:42:15 IST" name="logout" finished-at="2022-09-06T20:42:15 IST" duration-ms="1" status="PASS">
          <reporter-output>
            <line>
              <![CDATA[logout]]>
            </line>
          </reporter-output>
        </test-method> <!-- logout -->
        <test-method is-config="true" signature="closeBrowser()[pri:0, instance:com.actitime.testscript.TaskModule@619713e5]" started-at="2022-09-06T20:42:15 IST" name="closeBrowser" finished-at="2022-09-06T20:42:15 IST" duration-ms="168" status="PASS">
          <reporter-output>
            <line>
              <![CDATA[close browser]]>
            </line>
          </reporter-output>
        </test-method> <!-- closeBrowser -->
      </class> <!-- com.actitime.testscript.TaskModule -->
      <class name="com.actitime.testscript.UserModule">
        <test-method is-config="true" signature="login()[pri:0, instance:com.actitime.testscript.UserModule@16ec5519]" started-at="2022-09-06T20:42:15 IST" name="login" finished-at="2022-09-06T20:42:15 IST" duration-ms="1" status="PASS">
          <reporter-output>
            <line>
              <![CDATA[login]]>
            </line>
          </reporter-output>
        </test-method> <!-- login -->
        <test-method signature="createUser()[pri:0, instance:com.actitime.testscript.UserModule@16ec5519]" started-at="2022-09-06T20:42:15 IST" name="createUser" finished-at="2022-09-06T20:42:15 IST" duration-ms="11" status="PASS">
          <reporter-output>
            <line>
              <![CDATA[create user]]>
            </line>
          </reporter-output>
        </test-method> <!-- createUser -->
        <test-method is-config="true" signature="logout()[pri:0, instance:com.actitime.testscript.UserModule@16ec5519]" started-at="2022-09-06T20:42:15 IST" name="logout" finished-at="2022-09-06T20:42:15 IST" duration-ms="2" status="PASS">
          <reporter-output>
            <line>
              <![CDATA[logout]]>
            </line>
          </reporter-output>
        </test-method> <!-- logout -->
        <test-method is-config="true" signature="login()[pri:0, instance:com.actitime.testscript.UserModule@16ec5519]" started-at="2022-09-06T20:42:15 IST" name="login" finished-at="2022-09-06T20:42:15 IST" duration-ms="2" status="PASS">
          <reporter-output>
            <line>
              <![CDATA[login]]>
            </line>
          </reporter-output>
        </test-method> <!-- login -->
        <test-method signature="deleteUser()[pri:0, instance:com.actitime.testscript.UserModule@16ec5519]" started-at="2022-09-06T20:42:15 IST" name="deleteUser" finished-at="2022-09-06T20:42:15 IST" duration-ms="4" status="PASS">
          <reporter-output>
            <line>
              <![CDATA[delete user]]>
            </line>
          </reporter-output>
        </test-method> <!-- deleteUser -->
        <test-method is-config="true" signature="logout()[pri:0, instance:com.actitime.testscript.UserModule@16ec5519]" started-at="2022-09-06T20:42:15 IST" name="logout" finished-at="2022-09-06T20:42:15 IST" duration-ms="0" status="PASS">
          <reporter-output>
            <line>
              <![CDATA[logout]]>
            </line>
          </reporter-output>
        </test-method> <!-- logout -->
        <test-method is-config="true" signature="login()[pri:0, instance:com.actitime.testscript.UserModule@16ec5519]" started-at="2022-09-06T20:42:15 IST" name="login" finished-at="2022-09-06T20:42:15 IST" duration-ms="1" status="PASS">
          <reporter-output>
            <line>
              <![CDATA[login]]>
            </line>
          </reporter-output>
        </test-method> <!-- login -->
        <test-method signature="modifyUser()[pri:0, instance:com.actitime.testscript.UserModule@16ec5519]" started-at="2022-09-06T20:42:15 IST" name="modifyUser" finished-at="2022-09-06T20:42:15 IST" duration-ms="3" status="PASS">
          <reporter-output>
            <line>
              <![CDATA[modify user]]>
            </line>
          </reporter-output>
        </test-method> <!-- modifyUser -->
        <test-method is-config="true" signature="logout()[pri:0, instance:com.actitime.testscript.UserModule@16ec5519]" started-at="2022-09-06T20:42:15 IST" name="logout" finished-at="2022-09-06T20:42:15 IST" duration-ms="0" status="PASS">
          <reporter-output>
            <line>
              <![CDATA[logout]]>
            </line>
          </reporter-output>
        </test-method> <!-- logout -->
      </class> <!-- com.actitime.testscript.UserModule -->
    </test> <!-- Test1 -->
    <test started-at="2022-09-06T20:42:11 IST" name="Test2" finished-at="2022-09-06T20:42:19 IST" duration-ms="8132">
      <class name="com.actitime.testscript.ProjectModule">
        <test-method is-config="true" signature="openBrowser(java.lang.String)[pri:0, instance:com.actitime.testscript.ProjectModule@67d48005]" started-at="2022-09-06T20:42:11 IST" name="openBrowser" finished-at="2022-09-06T20:42:18 IST" duration-ms="6955" status="PASS">
          <params>
            <param index="0">
              <value>
                <![CDATA[firefox]]>
              </value>
            </param>
          </params>
          <reporter-output>
            <line>
              <![CDATA[open browser]]>
            </line>
          </reporter-output>
        </test-method> <!-- openBrowser -->
        <test-method is-config="true" signature="login()[pri:0, instance:com.actitime.testscript.ProjectModule@67d48005]" started-at="2022-09-06T20:42:18 IST" name="login" finished-at="2022-09-06T20:42:18 IST" duration-ms="0" status="PASS">
          <reporter-output>
            <line>
              <![CDATA[login]]>
            </line>
          </reporter-output>
        </test-method> <!-- login -->
        <test-method signature="createProject()[pri:0, instance:com.actitime.testscript.ProjectModule@67d48005]" started-at="2022-09-06T20:42:18 IST" name="createProject" finished-at="2022-09-06T20:42:18 IST" duration-ms="1" status="PASS">
          <reporter-output>
            <line>
              <![CDATA[create project]]>
            </line>
          </reporter-output>
        </test-method> <!-- createProject -->
        <test-method is-config="true" signature="logout()[pri:0, instance:com.actitime.testscript.ProjectModule@67d48005]" started-at="2022-09-06T20:42:18 IST" name="logout" finished-at="2022-09-06T20:42:18 IST" duration-ms="0" status="PASS">
          <reporter-output>
            <line>
              <![CDATA[logout]]>
            </line>
          </reporter-output>
        </test-method> <!-- logout -->
        <test-method is-config="true" signature="login()[pri:0, instance:com.actitime.testscript.ProjectModule@67d48005]" started-at="2022-09-06T20:42:18 IST" name="login" finished-at="2022-09-06T20:42:18 IST" duration-ms="1" status="PASS">
          <reporter-output>
            <line>
              <![CDATA[login]]>
            </line>
          </reporter-output>
        </test-method> <!-- login -->
        <test-method signature="deleteProject()[pri:0, instance:com.actitime.testscript.ProjectModule@67d48005]" started-at="2022-09-06T20:42:18 IST" name="deleteProject" finished-at="2022-09-06T20:42:18 IST" duration-ms="2" status="PASS">
          <reporter-output>
            <line>
              <![CDATA[delete project]]>
            </line>
          </reporter-output>
        </test-method> <!-- deleteProject -->
        <test-method is-config="true" signature="logout()[pri:0, instance:com.actitime.testscript.ProjectModule@67d48005]" started-at="2022-09-06T20:42:18 IST" name="logout" finished-at="2022-09-06T20:42:18 IST" duration-ms="0" status="PASS">
          <reporter-output>
            <line>
              <![CDATA[logout]]>
            </line>
          </reporter-output>
        </test-method> <!-- logout -->
        <test-method is-config="true" signature="login()[pri:0, instance:com.actitime.testscript.ProjectModule@67d48005]" started-at="2022-09-06T20:42:18 IST" name="login" finished-at="2022-09-06T20:42:18 IST" duration-ms="0" status="PASS">
          <reporter-output>
            <line>
              <![CDATA[login]]>
            </line>
          </reporter-output>
        </test-method> <!-- login -->
        <test-method signature="modifyProject()[pri:0, instance:com.actitime.testscript.ProjectModule@67d48005]" started-at="2022-09-06T20:42:18 IST" name="modifyProject" finished-at="2022-09-06T20:42:18 IST" duration-ms="2" status="PASS">
          <reporter-output>
            <line>
              <![CDATA[modify project]]>
            </line>
          </reporter-output>
        </test-method> <!-- modifyProject -->
        <test-method is-config="true" signature="logout()[pri:0, instance:com.actitime.testscript.ProjectModule@67d48005]" started-at="2022-09-06T20:42:18 IST" name="logout" finished-at="2022-09-06T20:42:18 IST" duration-ms="1" status="PASS">
          <reporter-output>
            <line>
              <![CDATA[logout]]>
            </line>
          </reporter-output>
        </test-method> <!-- logout -->
        <test-method is-config="true" signature="closeBrowser()[pri:0, instance:com.actitime.testscript.ProjectModule@67d48005]" started-at="2022-09-06T20:42:18 IST" name="closeBrowser" finished-at="2022-09-06T20:42:19 IST" duration-ms="1139" status="PASS">
          <reporter-output>
            <line>
              <![CDATA[close browser]]>
            </line>
          </reporter-output>
        </test-method> <!-- closeBrowser -->
      </class> <!-- com.actitime.testscript.ProjectModule -->
      <class name="com.actitime.testscript.CustomerModule">
        <test-method is-config="true" signature="login()[pri:0, instance:com.actitime.testscript.CustomerModule@9f116cc]" started-at="2022-09-06T20:42:18 IST" name="login" finished-at="2022-09-06T20:42:18 IST" duration-ms="0" status="PASS">
          <reporter-output>
            <line>
              <![CDATA[login]]>
            </line>
          </reporter-output>
        </test-method> <!-- login -->
        <test-method signature="createCustomer()[pri:0, instance:com.actitime.testscript.CustomerModule@9f116cc]" started-at="2022-09-06T20:42:18 IST" name="createCustomer" finished-at="2022-09-06T20:42:18 IST" duration-ms="1" status="PASS">
          <reporter-output>
            <line>
              <![CDATA[create customer]]>
            </line>
          </reporter-output>
        </test-method> <!-- createCustomer -->
        <test-method is-config="true" signature="logout()[pri:0, instance:com.actitime.testscript.CustomerModule@9f116cc]" started-at="2022-09-06T20:42:18 IST" name="logout" finished-at="2022-09-06T20:42:18 IST" duration-ms="0" status="PASS">
          <reporter-output>
            <line>
              <![CDATA[logout]]>
            </line>
          </reporter-output>
        </test-method> <!-- logout -->
        <test-method is-config="true" signature="login()[pri:0, instance:com.actitime.testscript.CustomerModule@9f116cc]" started-at="2022-09-06T20:42:18 IST" name="login" finished-at="2022-09-06T20:42:18 IST" duration-ms="1" status="PASS">
          <reporter-output>
            <line>
              <![CDATA[login]]>
            </line>
          </reporter-output>
        </test-method> <!-- login -->
        <test-method signature="deleteCustomer()[pri:0, instance:com.actitime.testscript.CustomerModule@9f116cc]" started-at="2022-09-06T20:42:18 IST" name="deleteCustomer" finished-at="2022-09-06T20:42:18 IST" duration-ms="1" status="PASS">
          <reporter-output>
            <line>
              <![CDATA[delete customer]]>
            </line>
          </reporter-output>
        </test-method> <!-- deleteCustomer -->
        <test-method is-config="true" signature="logout()[pri:0, instance:com.actitime.testscript.CustomerModule@9f116cc]" started-at="2022-09-06T20:42:18 IST" name="logout" finished-at="2022-09-06T20:42:18 IST" duration-ms="1" status="PASS">
          <reporter-output>
            <line>
              <![CDATA[logout]]>
            </line>
          </reporter-output>
        </test-method> <!-- logout -->
        <test-method is-config="true" signature="login()[pri:0, instance:com.actitime.testscript.CustomerModule@9f116cc]" started-at="2022-09-06T20:42:18 IST" name="login" finished-at="2022-09-06T20:42:18 IST" duration-ms="0" status="PASS">
          <reporter-output>
            <line>
              <![CDATA[login]]>
            </line>
          </reporter-output>
        </test-method> <!-- login -->
        <test-method signature="modifyCustomer()[pri:0, instance:com.actitime.testscript.CustomerModule@9f116cc]" started-at="2022-09-06T20:42:18 IST" name="modifyCustomer" finished-at="2022-09-06T20:42:18 IST" duration-ms="1" status="PASS">
          <reporter-output>
            <line>
              <![CDATA[modify customer]]>
            </line>
          </reporter-output>
        </test-method> <!-- modifyCustomer -->
        <test-method is-config="true" signature="logout()[pri:0, instance:com.actitime.testscript.CustomerModule@9f116cc]" started-at="2022-09-06T20:42:18 IST" name="logout" finished-at="2022-09-06T20:42:18 IST" duration-ms="0" status="PASS">
          <reporter-output>
            <line>
              <![CDATA[logout]]>
            </line>
          </reporter-output>
        </test-method> <!-- logout -->
      </class> <!-- com.actitime.testscript.CustomerModule -->
    </test> <!-- Test2 -->
  </suite> <!-- Suite -->
</testng-results>
