<?xml version="1.0" encoding="UTF-8"?>
<!-- Generated by org.testng.reporters.JUnitXMLReporter -->
<testsuite ignored="0" hostname="DESKTOP-BEPA8F0" failures="0" tests="6" name="SanityTest" time="0.098" errors="0" timestamp="2022-08-18T20:16:43 IST">
  <testcase classname="batchTest.LoginTest" name="loginByEmail" time="0.016"/>
  <testcase classname="batchTest.LoginTest" name="loginByFacebook" time="0.003"/>
  <testcase classname="batchTest.LoginTest" name="loginByTwitter" time="0.003"/>
  <testcase classname="batchTest.SignUpTest" name="signUpByEmail" time="0.003"/>
  <testcase classname="batchTest.SignUpTest" name="signUpByFacebook" time="0.003"/>
  <testcase classname="batchTest.SignUpTest" name="signUpByTwitter" time="0.004"/>
</testsuite> <!-- SanityTest -->
